
/home/runner/work/exp-core-cutter-method-nitk/exp-core-cutter-method-nitk/experiment/simulation/js/jquerymin.js
  2:71     warning  'module' is not defined                                                    no-undef
  2:86     warning  'module' is not defined                                                    no-undef
  2:863    warning  'b' is assigned a value but never used                                     no-unused-vars
  2:3050   warning  'r' is assigned a value but never used                                     no-unused-vars
  2:5376   warning  Unexpected control character(s) in regular expression: \x1f, \x1f          no-control-regex
  2:5847   warning  Expected a conditional expression and instead saw an assignment            no-cond-assign
  2:6101   warning  Expected a conditional expression and instead saw an assignment            no-cond-assign
  2:6532   warning  Expected a conditional expression and instead saw an assignment            no-cond-assign
  2:6758   warning  Empty block statement                                                      no-empty
  2:7320   warning  Expected a conditional expression and instead saw an assignment            no-cond-assign
  2:9378   warning  Expected a conditional expression and instead saw an assignment            no-cond-assign
  2:9688   warning  Expected a conditional expression and instead saw an assignment            no-cond-assign
  2:11489  warning  Expected a conditional expression and instead saw an assignment            no-cond-assign
  2:12064  warning  Expected a conditional expression and instead saw an assignment            no-cond-assign
  2:12102  warning  Expected a conditional expression and instead saw an assignment            no-cond-assign
  2:12520  warning  Empty block statement                                                      no-empty
  2:13134  warning  Expected a conditional expression and instead saw an assignment            no-cond-assign
  2:13446  warning  Expected a conditional expression and instead saw an assignment            no-cond-assign
  2:15271  warning  Expected a conditional expression and instead saw an assignment            no-cond-assign
  2:15542  warning  Expected a conditional expression and instead saw an assignment            no-cond-assign
  2:15740  warning  Expected a conditional expression and instead saw an assignment            no-cond-assign
  2:16114  warning  Do not access Object.prototype method 'hasOwnProperty' from target object  no-prototype-builtins
  2:16815  warning  Expected a conditional expression and instead saw an assignment            no-cond-assign
  2:19155  warning  Expected a conditional expression and instead saw an assignment            no-cond-assign
  2:19255  warning  Expected a conditional expression and instead saw an assignment            no-cond-assign
  2:19315  warning  Expected a conditional expression and instead saw an assignment            no-cond-assign
  2:20674  warning  Expected a conditional expression and instead saw an assignment            no-cond-assign
  2:21288  warning  Expected a conditional expression and instead saw an assignment            no-cond-assign
  2:21399  warning  Expected a conditional expression and instead saw an assignment            no-cond-assign
  2:23719  warning  Unnecessary escape character: \/                                           no-useless-escape
  2:33344  warning  Empty block statement                                                      no-empty
  2:37050  warning  Unnecessary escape character: \/                                           no-useless-escape
  2:38265  warning  Expected a conditional expression and instead saw an assignment            no-cond-assign
  2:38405  warning  Expected a conditional expression and instead saw an assignment            no-cond-assign
  2:39039  warning  Empty block statement                                                      no-empty
  2:45778  warning  Unnecessary escape character: \/                                           no-useless-escape
  2:48087  warning  Expected a conditional expression and instead saw an assignment            no-cond-assign
  2:49647  warning  Empty block statement                                                      no-empty
  2:57298  warning  Expected a conditional expression and instead saw an assignment            no-cond-assign
  2:59847  warning  Expected a conditional expression and instead saw an assignment            no-cond-assign
  2:64132  warning  Expected a conditional expression and instead saw an assignment            no-cond-assign
  2:65877  warning  Expected a conditional expression and instead saw an assignment            no-cond-assign
  2:65943  warning  Expected a conditional expression and instead saw an assignment            no-cond-assign
  2:66247  warning  Expected a conditional expression and instead saw an assignment            no-cond-assign
  2:66313  warning  Expected a conditional expression and instead saw an assignment            no-cond-assign
  2:66720  warning  Expected a conditional expression and instead saw an assignment            no-cond-assign
  2:66997  warning  Expected a conditional expression and instead saw an assignment            no-cond-assign
  2:72432  warning  Expected a conditional expression and instead saw an assignment            no-cond-assign
  2:74924  warning  Expected a conditional expression and instead saw an assignment            no-cond-assign
  2:75645  warning  'l.href' is assigned to itself                                             no-self-assign
  2:79204  warning  Empty block statement                                                      no-empty
  2:83243  warning  Expected a conditional expression and instead saw an assignment            no-cond-assign
  2:83243  warning  'l' is assigned a value but never used                                     no-unused-vars
  2:86651  warning  'define' is not defined                                                    no-undef
  2:86663  warning  'define' is not defined                                                    no-undef

/home/runner/work/exp-core-cutter-method-nitk/exp-core-cutter-method-nitk/experiment/simulation/js/sgca.js
    1:5   warning  'mldDia' is assigned a value but never used      no-unused-vars
    1:18  warning  'mldHght' is assigned a value but never used     no-unused-vars
    1:32  warning  'hdr' is assigned a value but never used         no-unused-vars
    1:42  warning  'layerNo' is assigned a value but never used     no-unused-vars
    1:55  warning  'compEnergy' is assigned a value but never used  no-unused-vars
    1:71  warning  'mldWght' is assigned a value but never used     no-unused-vars
    1:86  warning  'mldVol' is assigned a value but never used      no-unused-vars
    2:5   warning  'cnt' is assigned a value but never used         no-unused-vars
    5:5   warning  'h1' is assigned a value but never used          no-unused-vars
    5:13  warning  'h2' is assigned a value but never used          no-unused-vars
    5:21  warning  'h3' is assigned a value but never used          no-unused-vars
    5:29  warning  'h4' is assigned a value but never used          no-unused-vars
    9:5   warning  'p' is assigned a value but never used           no-unused-vars
   28:2   warning  '$' is not defined                               no-undef
   36:2   warning  'el' is not defined                              no-undef
   37:2   warning  'el' is not defined                              no-undef
   38:2   warning  'el' is not defined                              no-undef
   39:2   warning  'answer' is not defined                          no-undef
   39:21  warning  'el' is not defined                              no-undef
   42:3   warning  'opt' is not defined                             no-undef
   44:3   warning  'el' is not defined                              no-undef
   45:3   warning  'el' is not defined                              no-undef
   45:20  warning  'opt' is not defined                             no-undef
   46:3   warning  'el' is not defined                              no-undef
   46:14  warning  'opt' is not defined                             no-undef
   47:3   warning  'answer' is not defined                          no-undef
   47:22  warning  'el' is not defined                              no-undef
   48:3   warning  '$' is not defined                               no-undef
   49:9   warning  '$' is not defined                               no-undef
   64:10  warning  'navNext' is defined but never used              no-unused-vars
   69:2   warning  'simsubscreennum' is not defined                 no-undef
   70:38  warning  'simsubscreennum' is not defined                 no-undef
  107:1   warning  '$' is not defined                               no-undef
  108:2   warning  '$' is not defined                               no-undef
  115:6   warning  'table' is assigned a value but never used       no-unused-vars
  117:3   warning  '$' is not defined                               no-undef
  119:5   warning  '$' is not defined                               no-undef
  127:5   warning  'simsubscreennum' is not defined                 no-undef
  135:10  warning  'simsubscreennum' is not defined                 no-undef
  163:10  warning  'simsubscreennum' is not defined                 no-undef
  169:11  warning  'simsubscreennum' is not defined                 no-undef
  178:11  warning  'simsubscreennum' is not defined                 no-undef
  189:11  warning  'simsubscreennum' is not defined                 no-undef
  197:10  warning  'simsubscreennum' is not defined                 no-undef
  217:10  warning  'simsubscreennum' is not defined                 no-undef
  242:10  warning  'simsubscreennum' is not defined                 no-undef
  245:7   warning  'k' is assigned a value but never used           no-unused-vars
  275:11  warning  'simsubscreennum' is not defined                 no-undef
  288:11  warning  'simsubscreennum' is not defined                 no-undef
  306:10  warning  'simsubscreennum' is not defined                 no-undef
  333:10  warning  'simsubscreennum' is not defined                 no-undef
  382:10  warning  'simsubscreennum' is not defined                 no-undef
  456:46  warning  'n' is not defined                               no-undef
  473:3   warning  Move function declaration to function body root  no-inner-declarations
  542:3   warning  'simsubscreennum' is not defined                 no-undef
  745:2   warning  '$' is not defined                               no-undef
  761:6   warning  '$' is not defined                               no-undef
  777:10  warning  '$' is not defined                               no-undef
  779:11  warning  '$' is not defined                               no-undef
  819:3   warning  '$' is not defined                               no-undef
  838:8   warning  '$' is not defined                               no-undef
  859:3   warning  'n' is not defined                               no-undef
  860:18  warning  'n' is not defined                               no-undef
  889:29  warning  Unnecessary semicolon                            no-extra-semi
  909:3   warning  'n' is not defined                               no-undef
  910:18  warning  'n' is not defined                               no-undef
  958:4   warning  'simsubscreennum' is not defined                 no-undef
  963:4   warning  'simsubscreennum' is not defined                 no-undef

✖ 123 problems (0 errors, 123 warnings)
  0 errors and 1 warning potentially fixable with the `--fix` option.

